{"uuid":"pad_hrd5523pas77c05af22a44e21ae3f111","imei":"SN20180427Test15","type":4,"online":21,"tax":0,"banker":0,"flow":0,"ext":"","account":-10000,"exitType":1,"gameId":"ENG-ZQ-001","cpOrderId":"PAD20180428160413601055","signMsg":"2c379423ae2613649a27b7c876de814c"}
{"cpOrderId":"PAD20180428160413601055","uuid":"pad_hrd5523pas77c05af22a44e21ae3f111","gameId":"ENG-ZQ-001","signMsg":"03c54d2ee44f77ebf13898541c4df610","payResult":"000000","ext":{"isexit":0},"returnDatetime":"20180428172136"}
{"uuid":"pad_kwdeuz5418v36bgda268fb1850b3fb30","imei":"SNGP1ED17AC0000298","type":4,"online":21,"tax":0,"banker":0,"flow":0,"ext":"","account":-10000,"exitType":1,"gameId":"ENG-ZQ-001","cpOrderId":"PAD20180428160947324290","signMsg":"8685fb9fecf29ce23bd65f70750b7702"}
{"cpOrderId":"PAD20180428160947324290","uuid":"pad_kwdeuz5418v36bgda268fb1850b3fb30","gameId":"ENG-ZQ-001","signMsg":"","payResult":"\u73a9\u5bb6\u5df2\u7ecf\u9000\u51fa\u6e38\u620f!","ext":{"isexit":1},"returnDatetime":"20180428172136"}
{"uuid":"pad_25ffra85ru4svzhs8659d5499192b9d9","imei":"SN2017102400002003","type":4,"online":21,"tax":0,"banker":0,"flow":0,"ext":"","account":-10000,"exitType":1,"gameId":"ENG-ZQ-001","cpOrderId":"PAD20180428171146912906","signMsg":"37fd3d05fbcd432b2950afd174dc12e4"}
{"cpOrderId":"PAD20180428171146912906","uuid":"pad_25ffra85ru4svzhs8659d5499192b9d9","gameId":"ENG-ZQ-001","signMsg":"580d301018c5438c56149dcadd0a6648","payResult":"000000","ext":{"isexit":0},"returnDatetime":"20180428172136"}
{"uuid":"pad_25ffra85ru4svzhs8659d5499192b9d9","imei":"SN2017102400002003","type":4,"online":21,"tax":0,"banker":0,"flow":0,"ext":"","account":-50000,"exitType":1,"gameId":"ENG-ZQ-001","cpOrderId":"PAD20180428171146970553","signMsg":"28616cc6ada7c34c163500cc818e88f9"}
{"cpOrderId":"PAD20180428171146970553","uuid":"pad_25ffra85ru4svzhs8659d5499192b9d9","gameId":"ENG-ZQ-001","signMsg":"afa6a2e907c88d5119101cf39acea3d4","payResult":"000000","ext":{"isexit":0},"returnDatetime":"20180428172136"}
{"uuid":"pad_s7mxtn5sl1kbssf69b5bcbb6dc9aaa0a","imei":"SNGP1ED17AC00007C9","type":4,"online":21,"tax":0,"banker":0,"flow":0,"ext":"","account":-100000,"exitType":1,"gameId":"ENG-ZQ-001","cpOrderId":"PAD20180428180109763667","signMsg":"d226aad1e149f667f9b06f705df173a7"}
{"cpOrderId":"PAD20180428180109763667","uuid":"pad_s7mxtn5sl1kbssf69b5bcbb6dc9aaa0a","gameId":"ENG-ZQ-001","signMsg":"0c756e27a07a22964af7645685cd4030","payResult":"000000","ext":{"isexit":0},"returnDatetime":"20180428180246"}
{"uuid":"pad_nssp5cme4gs8d35s78f16f09ea42f0ff","imei":"SNGP1ED17AC000032E","type":4,"online":20,"tax":0,"banker":0,"flow":0,"ext":"","account":-10000,"exitType":1,"gameId":"ENG-ZQ-001","cpOrderId":"PAD20180428210449976548","signMsg":"90a31cb60ba7a0defc61a770c3758219"}
{"cpOrderId":"PAD20180428210449976548","uuid":"pad_nssp5cme4gs8d35s78f16f09ea42f0ff","gameId":"ENG-ZQ-001","signMsg":"","payResult":"\u73a9\u5bb6\u5df2\u7ecf\u9000\u51fa\u6e38\u620f!","ext":{"isexit":1},"returnDatetime":"20180428210656"}
{"uuid":"pad_nssp5cme4gs8d35s78f16f09ea42f0ff","imei":"SNGP1ED17AC000032E","type":4,"online":20,"tax":0,"banker":0,"flow":0,"ext":"","account":-10000,"exitType":1,"gameId":"ENG-ZQ-001","cpOrderId":"PAD20180428210553463943","signMsg":"d74b808764a3c7abfdd30c3d28551003"}
{"cpOrderId":"PAD20180428210553463943","uuid":"pad_nssp5cme4gs8d35s78f16f09ea42f0ff","gameId":"ENG-ZQ-001","signMsg":"","payResult":"\u73a9\u5bb6\u5df2\u7ecf\u9000\u51fa\u6e38\u620f!","ext":{"isexit":1},"returnDatetime":"20180428210756"}
{"uuid":"pad_25ffra85ru4svzhs8659d5499192b9d9","imei":"SN2017102400002003","type":4,"online":21,"tax":0,"banker":0,"flow":0,"ext":"","account":-10000,"exitType":1,"gameId":"ENG-ZQ-001","cpOrderId":"PAD20180428211529600128","signMsg":"519bcb650a7fbc122c70d6f985172672"}
{"cpOrderId":"PAD20180428211529600128","uuid":"pad_25ffra85ru4svzhs8659d5499192b9d9","gameId":"ENG-ZQ-001","signMsg":"29f7955dd56b1e7a9c0ae3ca8aca79de","payResult":"000000","ext":{"isexit":0},"returnDatetime":"20180428211704"}
{"uuid":"pad_25ffra85ru4svzhs8659d5499192b9d9","imei":"SN2017102400002003","type":4,"online":21,"tax":0,"banker":0,"flow":0,"ext":"","account":-10000,"exitType":1,"gameId":"ENG-ZQ-001","cpOrderId":"PAD20180428211529306189","signMsg":"7e0cd5e29112171c1a2eaba3eb7d470d"}
{"cpOrderId":"PAD20180428211529306189","uuid":"pad_25ffra85ru4svzhs8659d5499192b9d9","gameId":"ENG-ZQ-001","signMsg":"fbd215fe82537145c31e4fa1469efccc","payResult":"000000","ext":{"isexit":0},"returnDatetime":"20180428211704"}
{"uuid":"pad_25ffra85ru4svzhs8659d5499192b9d9","imei":"SN2017102400002003","type":4,"online":21,"tax":0,"banker":0,"flow":0,"ext":"","account":-10000,"exitType":1,"gameId":"ENG-ZQ-001","cpOrderId":"PAD20180428211620315452","signMsg":"b29cd3e77bfdbc08bfabcad96684b3c7"}
{"cpOrderId":"PAD20180428211620315452","uuid":"pad_25ffra85ru4svzhs8659d5499192b9d9","gameId":"ENG-ZQ-001","signMsg":"9fb3341e3ffbee7e9f7aee5a458f7a16","payResult":"000000","ext":{"isexit":0},"returnDatetime":"20180428211757"}
{"uuid":"pad_nssp5cme4gs8d35s78f16f09ea42f0ff","imei":"SNGP1ED17AC000032E","type":4,"online":21,"tax":0,"banker":0,"flow":0,"ext":"","account":-10000,"exitType":1,"gameId":"ENG-ZQ-001","cpOrderId":"PAD20180428211718803962","signMsg":"61c187e6784a5841c259564626ff3663"}
{"cpOrderId":"PAD20180428211718803962","uuid":"pad_nssp5cme4gs8d35s78f16f09ea42f0ff","gameId":"ENG-ZQ-001","signMsg":"85fa6df50bea6e14a10b37b793d13d3c","payResult":"000000","ext":{"isexit":0},"returnDatetime":"20180428211857"}
{"uuid":"pad_nssp5cme4gs8d35s78f16f09ea42f0ff","imei":"SNGP1ED17AC000032E","type":4,"online":21,"tax":0,"banker":0,"flow":0,"ext":"","account":-10000,"exitType":1,"gameId":"ENG-ZQ-001","cpOrderId":"PAD20180428211825525429","signMsg":"48ab680530af7da7c66f54700ad1d4ec"}
{"cpOrderId":"PAD20180428211825525429","uuid":"pad_nssp5cme4gs8d35s78f16f09ea42f0ff","gameId":"ENG-ZQ-001","signMsg":"72bac1c069d7a5a0d43e1930919890da","payResult":"000000","ext":{"isexit":0},"returnDatetime":"20180428212004"}
{"uuid":"pad_nssp5cme4gs8d35s78f16f09ea42f0ff","imei":"SNGP1ED17AC000032E","type":4,"online":21,"tax":0,"banker":0,"flow":0,"ext":"","account":-10000,"exitType":1,"gameId":"ENG-ZQ-001","cpOrderId":"PAD20180428211914980619","signMsg":"efa22601bdaa8c84addbb5a64c732c32"}
{"cpOrderId":"PAD20180428211914980619","uuid":"pad_nssp5cme4gs8d35s78f16f09ea42f0ff","gameId":"ENG-ZQ-001","signMsg":"8a5fa133ea0b0f55a2064433c6f4254e","payResult":"000000","ext":{"isexit":0},"returnDatetime":"20180428212057"}
{"uuid":"pad_nssp5cme4gs8d35s78f16f09ea42f0ff","imei":"SNGP1ED17AC000032E","type":4,"online":21,"tax":0,"banker":0,"flow":0,"ext":"","account":-10000,"exitType":1,"gameId":"ENG-ZQ-001","cpOrderId":"PAD20180428211957201404","signMsg":"e1a017c692fcfa21e766303c247d894a"}
{"cpOrderId":"PAD20180428211957201404","uuid":"pad_nssp5cme4gs8d35s78f16f09ea42f0ff","gameId":"ENG-ZQ-001","signMsg":"a034a46c5b915a09dc4345a3cff6492f","payResult":"000000","ext":{"isexit":0},"returnDatetime":"20180428212157"}
{"uuid":"pad_nssp5cme4gs8d35s78f16f09ea42f0ff","imei":"SNGP1ED17AC000032E","type":4,"online":21,"tax":0,"banker":0,"flow":0,"ext":"","account":-10000,"exitType":1,"gameId":"ENG-ZQ-001","cpOrderId":"PAD20180428212533134231","signMsg":"795426a9958791f2288fbfb2bddf3549"}
{"cpOrderId":"PAD20180428212533134231","uuid":"pad_nssp5cme4gs8d35s78f16f09ea42f0ff","gameId":"ENG-ZQ-001","signMsg":"a8e79178ceea751ce05e8ebfcbec237d","payResult":"000000","ext":{"isexit":0},"returnDatetime":"20180428212758"}
{"uuid":"pad_nssp5cme4gs8d35s78f16f09ea42f0ff","imei":"SNGP1ED17AC000032E","type":4,"online":21,"tax":0,"banker":0,"flow":0,"ext":"","account":-10000,"exitType":1,"gameId":"ENG-ZQ-001","cpOrderId":"PAD20180428212533606355","signMsg":"cc3f7e8e9635a1686432597735c477f7"}
{"cpOrderId":"PAD20180428212533606355","uuid":"pad_nssp5cme4gs8d35s78f16f09ea42f0ff","gameId":"ENG-ZQ-001","signMsg":"8209e5fd05c75a9df52cd9656a51e3fc","payResult":"000000","ext":{"isexit":0},"returnDatetime":"20180428212758"}
{"uuid":"pad_nssp5cme4gs8d35s78f16f09ea42f0ff","imei":"SNGP1ED17AC000032E","type":4,"online":21,"tax":0,"banker":0,"flow":0,"ext":"","account":-10000,"exitType":1,"gameId":"ENG-ZQ-001","cpOrderId":"PAD20180428212533949095","signMsg":"208bace2705f14ebf8421e242d9daa9f"}
{"cpOrderId":"PAD20180428212533949095","uuid":"pad_nssp5cme4gs8d35s78f16f09ea42f0ff","gameId":"ENG-ZQ-001","signMsg":"e459cda0632088bd491986f63c8eae9f","payResult":"000000","ext":{"isexit":0},"returnDatetime":"20180428212758"}
